"../../../../../../projets/Mech_Combat/Content/Geometry/Meshes/CubeMaterial.uasset" 0
"../../../../../../projets/Mech_Combat/Content/Geometry/Meshes/1M_Cube.uasset" 1
"../../../../../../projets/Mech_Combat/Content/Geometry/Meshes/1M_Cube_Chamfer.uasset" 2
"../../../../../../projets/Mech_Combat/Content/Geometry/Meshes/TemplateFloor.uasset" 3
"../../../../../../projets/Mech_Combat/Content/Mannequin/Character/Mesh/UE4_Mannequin_Skeleton.uasset" 4
"../../../../../../projets/Mech_Combat/Content/Mannequin/Animations/ThirdPersonJump_End.uasset" 5
"../../../Engine/Content/EditorBlueprintResources/StandardMacros.uasset" 6
"../../../../../../projets/Mech_Combat/Content/Mannequin/Animations/ThirdPersonWalk.uasset" 7
"../../../../../../projets/Mech_Combat/Content/Mannequin/Animations/ThirdPersonRun.uasset" 8
"../../../../../../projets/Mech_Combat/Content/Mannequin/Animations/ThirdPersonIdle.uasset" 9
"../../../../../../projets/Mech_Combat/Content/Mannequin/Animations/ThirdPerson_IdleRun_2D.uasset" 10
"../../../../../../projets/Mech_Combat/Content/Mannequin/Animations/ThirdPerson_Jump.uasset" 11
"../../../../../../projets/Mech_Combat/Content/Mannequin/Animations/ThirdPersonJump_Start.uasset" 12
"../../../../../../projets/Mech_Combat/Content/Mannequin/Animations/ThirdPersonJump_Loop.uasset" 13
"../../../../../../projets/Mech_Combat/Content/Mannequin/Animations/ThirdPerson_AnimBP.uasset" 14
"../../../Engine/Content/Functions/Engine_MaterialFunctions02/Utility/BlendAngleCorrectedNormals.uasset" 15
"../../../Engine/Content/Functions/MaterialLayerFunctions/MatLayerBlend_NormalBlend.uasset" 16
"../../../Engine/Content/Functions/MaterialLayerFunctions/MatLayerBlend_Simple.uasset" 17
"../../../../../../projets/Mech_Combat/Content/Mannequin/Character/Materials/MaterialLayers/T_ML_Rubber_Blue_01_D.uasset" 18
"../../../../../../projets/Mech_Combat/Content/Mannequin/Character/Materials/MaterialLayers/T_ML_Rubber_Blue_01_N.uasset" 19
"../../../../../../projets/Mech_Combat/Content/Mannequin/Character/Materials/MaterialLayers/ML_GlossyBlack_Latex_UE4.uasset" 20
"../../../../../../projets/Mech_Combat/Content/Mannequin/Character/Materials/MaterialLayers/ML_Plastic_Shiny_Beige.uasset" 21
"../../../../../../projets/Mech_Combat/Content/Mannequin/Character/Textures/UE4_LOGO_CARD.uasset" 22
"../../../../../../projets/Mech_Combat/Content/Mannequin/Character/Materials/MaterialLayers/ML_Plastic_Shiny_Beige_LOGO.uasset" 23
"../../../../../../projets/Mech_Combat/Content/Mannequin/Character/Materials/MaterialLayers/T_ML_Aluminum01.uasset" 24
"../../../../../../projets/Mech_Combat/Content/Mannequin/Character/Materials/MaterialLayers/T_ML_Aluminum01_N.uasset" 25
"../../../../../../projets/Mech_Combat/Content/Mannequin/Character/Materials/MaterialLayers/ML_SoftMetal_UE4.uasset" 26
"../../../../../../projets/Mech_Combat/Content/Mannequin/Character/Textures/UE4_Mannequin__normals.uasset" 27
"../../../../../../projets/Mech_Combat/Content/Mannequin/Character/Textures/UE4_Mannequin_MAT_MASKA.uasset" 28
"../../../../../../projets/Mech_Combat/Content/Mannequin/Character/Materials/M_UE4Man_Body.uasset" 29
"../../../../../../projets/Mech_Combat/Content/Mannequin/Character/Textures/UE4Man_Logo_N.uasset" 30
"../../../../../../projets/Mech_Combat/Content/Mannequin/Character/Materials/M_UE4Man_ChestLogo.uasset" 31
"../../../../../../projets/Mech_Combat/Content/Mannequin/Character/Mesh/SK_Mannequin_PhysicsAsset.uasset" 32
"../../../../../../projets/Mech_Combat/Content/Mannequin/Character/Mesh/SK_Mannequin.uasset" 33
"../../../../../../projets/Mech_Combat/Content/MechCombat/Meshes/Pickups/WorldGridMaterial.uasset" 34
"../../../../../../projets/Mech_Combat/Content/MechCombat/Meshes/Pickups/TimeFragment.uasset" 35
"../../../../../../projets/Mech_Combat/Content/MechCombat/Blueprints/TimeFragment_BP.uasset" 36
"../../../../../../projets/Mech_Combat/Content/StarterContent/Textures/T_Smoke_Tiled_D.uasset" 37
"../../../../../../projets/Mech_Combat/Content/StarterContent/Textures/T_Smoke_SubUV.uasset" 38
"../../../../../../projets/Mech_Combat/Content/StarterContent/Particles/Materials/M_smoke_subUV.uasset" 39
"../../../Engine/Content/Functions/Engine_MaterialFunctions01/Gradient/RadialGradient.uasset" 40
"../../../../../../projets/Mech_Combat/Content/StarterContent/Particles/Materials/M_radial_ramp.uasset" 41
"../../../../../../projets/Mech_Combat/Content/StarterContent/Particles/Materials/m_flare_01.uasset" 42
"../../../../../../projets/Mech_Combat/Content/StarterContent/Textures/T_Explosion_SubUV.uasset" 43
"../../../../../../projets/Mech_Combat/Content/StarterContent/Particles/Materials/M_explosion_subUV.uasset" 44
"../../../../../../projets/Mech_Combat/Content/StarterContent/Textures/T_Burst_M.uasset" 45
"../../../../../../projets/Mech_Combat/Content/StarterContent/Particles/Materials/M_Burst.uasset" 46
"../../../../../../projets/Mech_Combat/Content/StarterContent/Particles/P_Explosion.uasset" 47
"../../../../../../projets/Mech_Combat/Content/MechCombat/Blueprints/DummyMaster_BP.uasset" 48
"../../../../../../projets/Mech_Combat/Content/MechCombat/UserInterface/MainMenu/Instructional.uasset" 49
"../../../../../../projets/Mech_Combat/Content/MechCombat/UserInterface/UpradeScreen/ResetActive.uasset" 50
"../../../../../../projets/Mech_Combat/Content/MechCombat/UserInterface/UpradeScreen/Reset.uasset" 51
"../../../../../../projets/Mech_Combat/Content/MechCombat/Blueprints/UI/InstructionWidget_BP.uasset" 52
"../../../../../../projets/Mech_Combat/Content/MechCombat/UserInterface/MainMenu/ExitGame.uasset" 53
"../../../../../../projets/Mech_Combat/Content/MechCombat/UserInterface/MainMenu/ExitGame_1.uasset" 54
"../../../../../../projets/Mech_Combat/Content/MechCombat/UserInterface/MainMenu/InstructionActive.uasset" 55
"../../../../../../projets/Mech_Combat/Content/MechCombat/UserInterface/MainMenu/Instruction.uasset" 56
"../../../../../../projets/Mech_Combat/Content/MechCombat/UserInterface/MainMenu/StartGame.uasset" 57
"../../../../../../projets/Mech_Combat/Content/MechCombat/UserInterface/MainMenu/StartGameActive.uasset" 58
"../../../../../../projets/Mech_Combat/Content/MechCombat/Blueprints/UI/MainMenuWidget_BP.uasset" 59
"../../../../../../projets/Mech_Combat/Content/MechCombat/Blueprints/UI/NewWaveWidget_BP.uasset" 60
"../../../../../../projets/Mech_Combat/Content/MechCombat/Meshes/Ai_Spider_Bomb/Spider_Bomb_PhysicsAsset.uasset" 61
"../../../../../../projets/Mech_Combat/Content/MechCombat/Meshes/Ai_Spider_Bomb/Spider_Bomb_Skeleton.uasset" 62
"../../../../../../projets/Mech_Combat/Content/MechCombat/Meshes/Ai_Spider_Bomb/Spider_Core_Skeleton.uasset" 63
"../../../Engine/Content/Animation/DefaultAnimBoneCompressionSettings.uasset" 64
"../../../../../../projets/Mech_Combat/Content/MechCombat/Meshes/Ai_Spider_Bomb/Spider_Core_Anim.uasset" 65
"../../../../../../projets/Mech_Combat/Content/MechCombat/Meshes/AI_Spider_Turret/Spider_Turret_Skeleton.uasset" 66
"../../../../../../projets/Mech_Combat/Content/MechCombat/Meshes/AI_Spider_Turret/Spider_Turret_Anim.uasset" 67
"../../../../../../projets/Mech_Combat/Content/MechCombat/Meshes/AI_Spider_Turret/Spider_Turret_Anim_Turret_Idle.uasset" 68
"../../../../../../projets/Mech_Combat/Content/MechCombat/Meshes/AI_Spider_Turret/Spider_Turret_Anim_Turret_Open.uasset" 69
"../../../../../../projets/Mech_Combat/Content/MechCombat/Meshes/AI_Spider_Turret/Spider_Turret_Anim_Turret_Retract.uasset" 70
"../../../../../../projets/Mech_Combat/Content/MechCombat/Meshes/Decorations/acid1.uasset" 71
"../../../../../../projets/Mech_Combat/Content/MechCombat/Meshes/Decorations/Acid.uasset" 72
"../../../../../../projets/Mech_Combat/Content/MechCombat/Meshes/Decorations/Bottle.uasset" 73
"../../../../../../projets/Mech_Combat/Content/MechCombat/Meshes/Decorations/Drum_Of_Chemicals.uasset" 74
"../../../../../../projets/Mech_Combat/Content/MechCombat/Meshes/Decorations/chemicals.uasset" 75
"../../../../../../projets/Mech_Combat/Content/MechCombat/Meshes/Decorations/Vehicle_Box_Wylde.uasset" 76
"../../../../../../projets/Mech_Combat/Content/MechCombat/Meshes/Decorations/Crate_Without_Nails.uasset" 77
"../../../../../../projets/Mech_Combat/Content/MechCombat/Meshes/Decorations/Crate_With_Nails.uasset" 78
"../../../../../../projets/Mech_Combat/Content/MechCombat/Meshes/Decorations/Diesel_Engine3.uasset" 79
"../../../../../../projets/Mech_Combat/Content/MechCombat/Meshes/Decorations/Diesel_Engine4.uasset" 80
"../../../../../../projets/Mech_Combat/Content/MechCombat/Meshes/Decorations/Diesel_Engine5.uasset" 81
"../../../../../../projets/Mech_Combat/Content/MechCombat/Meshes/Decorations/Drum_Of_Chemicals1.uasset" 82
"../../../../../../projets/Mech_Combat/Content/MechCombat/Meshes/Decorations/Drum_Of_Chemicals_Glow.uasset" 83
"../../../../../../projets/Mech_Combat/Content/MechCombat/Meshes/Decorations/Engine_Belt_Assembly1.uasset" 84
"../../../../../../projets/Mech_Combat/Content/MechCombat/Meshes/Decorations/Engine_Belt_Assembly.uasset" 85
"../../../../../../projets/Mech_Combat/Content/MechCombat/Meshes/Decorations/Engine_Belt_Assembly2.uasset" 86
"../../../../../../projets/Mech_Combat/Content/MechCombat/Meshes/Decorations/Heavy_Duty_Gearbox1.uasset" 87
"../../../../../../projets/Mech_Combat/Content/MechCombat/Meshes/Decorations/Heavy_Duty_Gearbox.uasset" 88
"../../../../../../projets/Mech_Combat/Content/MechCombat/Meshes/Decorations/Helicopter_Gearbox1.uasset" 89
"../../../../../../projets/Mech_Combat/Content/MechCombat/Meshes/Decorations/Helicopter_Gearbox.uasset" 90
"../../../../../../projets/Mech_Combat/Content/MechCombat/Meshes/Decorations/Ingot_Mold.uasset" 91
"../../../../../../projets/Mech_Combat/Content/MechCombat/Meshes/Decorations/Muscle_Engine1.uasset" 92
"../../../../../../projets/Mech_Combat/Content/MechCombat/Meshes/Decorations/Muscle_Engine.uasset" 93
"../../../../../../projets/Mech_Combat/Content/MechCombat/Meshes/Decorations/Palette1.uasset" 94
"../../../../../../projets/Mech_Combat/Content/MechCombat/Meshes/Decorations/Palette.uasset" 95
"../../../../../../projets/Mech_Combat/Content/MechCombat/Meshes/Decorations/Pallete.uasset" 96
"../../../../../../projets/Mech_Combat/Content/MechCombat/Meshes/Decorations/Piston_Heads1.uasset" 97
"../../../../../../projets/Mech_Combat/Content/MechCombat/Meshes/Decorations/Piston_Heads.uasset" 98
"../../../../../../projets/Mech_Combat/Content/MechCombat/Meshes/Decorations/Piston_Heads2.uasset" 99
"../../../../../../projets/Mech_Combat/Content/MechCombat/Meshes/Decorations/Stunt_Plane_Engine.uasset" 100
"../../../../../../projets/Mech_Combat/Content/MechCombat/Meshes/Decorations/Prop_Engine.uasset" 101
"../../../../../../projets/Mech_Combat/Content/MechCombat/Meshes/Decorations/Spark_Plugs1.uasset" 102
"../../../../../../projets/Mech_Combat/Content/MechCombat/Meshes/Decorations/Spark_Plugs.uasset" 103
"../../../../../../projets/Mech_Combat/Content/MechCombat/Meshes/Decorations/Spark_Plugs2.uasset" 104
"../../../../../../projets/Mech_Combat/Content/MechCombat/Meshes/Decorations/Sport_Gearbox1.uasset" 105
"../../../../../../projets/Mech_Combat/Content/MechCombat/Meshes/Decorations/Sport_Gearbox.uasset" 106
"../../../../../../projets/Mech_Combat/Content/MechCombat/Meshes/Decorations/Stunt_Plane_Engine1.uasset" 107
"../../../../../../projets/Mech_Combat/Content/MechCombat/Meshes/Decorations/Stunt_Plane_Engine2.uasset" 108
"../../../../../../projets/Mech_Combat/Content/MechCombat/Meshes/Decorations/Stunt_Plane_Gearbox1.uasset" 109
"../../../../../../projets/Mech_Combat/Content/MechCombat/Meshes/Decorations/Stunt_Plane_Gearbox.uasset" 110
"../../../../../../projets/Mech_Combat/Content/MechCombat/Meshes/Decorations/Turboshaft_Engine1.uasset" 111
"../../../../../../projets/Mech_Combat/Content/MechCombat/Meshes/Decorations/Turboshaft_Engine.uasset" 112
"../../../../../../projets/Mech_Combat/Content/MechCombat/Meshes/Decorations/V8_Gas_Engine.uasset" 113
"../../../../../../projets/Mech_Combat/Content/MechCombat/Meshes/Decorations/Vehicle_Box_Wylde1.uasset" 114
"../../../../../../projets/Mech_Combat/Content/MechCombat/Meshes/Decorations/Tools.uasset" 115
"../../../../../../projets/Mech_Combat/Content/MechCombat/Meshes/Decorations/Wrench_Cylinder.uasset" 116
"../../../../../../projets/Mech_Combat/Content/MechCombat/Meshes/Decorations/WorldGridMaterial.uasset" 117
"../../../../../../projets/Mech_Combat/Content/MechCombat/Meshes/Decorations/Wrench_Text.uasset" 118
"../../../../../../projets/Mech_Combat/Content/MechCombat/Meshes/Forest_Environment/forest-pack1.uasset" 119
"../../../../../../projets/Mech_Combat/Content/MechCombat/Meshes/Forest_Environment/forest-pack.uasset" 120
"../../../../../../projets/Mech_Combat/Content/MechCombat/Meshes/Forest_Environment/Bush1.uasset" 121
"../../../../../../projets/Mech_Combat/Content/MechCombat/Meshes/Forest_Environment/Bush1_2.uasset" 122
"../../../../../../projets/Mech_Combat/Content/MechCombat/Meshes/Forest_Environment/Bush1_3.uasset" 123
"../../../../../../projets/Mech_Combat/Content/MechCombat/Meshes/Forest_Environment/Bush2.uasset" 124
"../../../../../../projets/Mech_Combat/Content/MechCombat/Meshes/Forest_Environment/Bush2_2.uasset" 125
"../../../../../../projets/Mech_Combat/Content/MechCombat/Meshes/Forest_Environment/Bush2_3.uasset" 126
"../../../../../../projets/Mech_Combat/Content/MechCombat/Meshes/Forest_Environment/Bush3.uasset" 127
"../../../../../../projets/Mech_Combat/Content/MechCombat/Meshes/Forest_Environment/Bush3_2.uasset" 128
"../../../../../../projets/Mech_Combat/Content/MechCombat/Meshes/Forest_Environment/Bush3_3.uasset" 129
"../../../../../../projets/Mech_Combat/Content/MechCombat/Meshes/Forest_Environment/Bush4.uasset" 130
"../../../../../../projets/Mech_Combat/Content/MechCombat/Meshes/Forest_Environment/Bush4_2.uasset" 131
"../../../../../../projets/Mech_Combat/Content/MechCombat/Meshes/Forest_Environment/Bush4_3.uasset" 132
"../../../../../../projets/Mech_Combat/Content/MechCombat/Meshes/Forest_Environment/Bush5.uasset" 133
"../../../../../../projets/Mech_Combat/Content/MechCombat/Meshes/Forest_Environment/Bush5_2.uasset" 134
"../../../../../../projets/Mech_Combat/Content/MechCombat/Meshes/Forest_Environment/Bush5_3.uasset" 135
"../../../../../../projets/Mech_Combat/Content/MechCombat/Meshes/Forest_Environment/Cloud1.uasset" 136
"../../../../../../projets/Mech_Combat/Content/MechCombat/Meshes/Forest_Environment/Cloud1_2.uasset" 137
"../../../../../../projets/Mech_Combat/Content/MechCombat/Meshes/Forest_Environment/Cloud1_4.uasset" 138
"../../../../../../projets/Mech_Combat/Content/MechCombat/Meshes/Forest_Environment/Cloud2.uasset" 139
"../../../../../../projets/Mech_Combat/Content/MechCombat/Meshes/Forest_Environment/Cloud2_2.uasset" 140
"../../../../../../projets/Mech_Combat/Content/MechCombat/Meshes/Forest_Environment/Cloud2_3.uasset" 141
"../../../../../../projets/Mech_Combat/Content/MechCombat/Meshes/Forest_Environment/Cloud2_4.uasset" 142
"../../../../../../projets/Mech_Combat/Content/MechCombat/Meshes/Forest_Environment/Cloud3.uasset" 143
"../../../../../../projets/Mech_Combat/Content/MechCombat/Meshes/Forest_Environment/Cloud3_2.uasset" 144
"../../../../../../projets/Mech_Combat/Content/MechCombat/Meshes/Forest_Environment/Cloud3_3.uasset" 145
"../../../../../../projets/Mech_Combat/Content/MechCombat/Meshes/Forest_Environment/Cloud4.uasset" 146
"../../../../../../projets/Mech_Combat/Content/MechCombat/Meshes/Forest_Environment/Cloud4_2.uasset" 147
"../../../../../../projets/Mech_Combat/Content/MechCombat/Meshes/Forest_Environment/Cloud4_3.uasset" 148
"../../../../../../projets/Mech_Combat/Content/MechCombat/Meshes/Forest_Environment/Cloud5.uasset" 149
"../../../../../../projets/Mech_Combat/Content/MechCombat/Meshes/Forest_Environment/Cloud5_2.uasset" 150
"../../../../../../projets/Mech_Combat/Content/MechCombat/Meshes/Forest_Environment/Cloud5_3.uasset" 151
"../../../../../../projets/Mech_Combat/Content/MechCombat/Meshes/Forest_Environment/FlowerCup1.uasset" 152
"../../../../../../projets/Mech_Combat/Content/MechCombat/Meshes/Forest_Environment/FlowerCup1_2.uasset" 153
"../../../../../../projets/Mech_Combat/Content/MechCombat/Meshes/Forest_Environment/FlowerCup1_3.uasset" 154
"../../../../../../projets/Mech_Combat/Content/MechCombat/Meshes/Forest_Environment/FlowerCup2.uasset" 155
"../../../../../../projets/Mech_Combat/Content/MechCombat/Meshes/Forest_Environment/FlowerCup2_2.uasset" 156
"../../../../../../projets/Mech_Combat/Content/MechCombat/Meshes/Forest_Environment/FlowerCup2_3.uasset" 157
"../../../../../../projets/Mech_Combat/Content/MechCombat/Meshes/Forest_Environment/FlowerCup3.uasset" 158
"../../../../../../projets/Mech_Combat/Content/MechCombat/Meshes/Forest_Environment/FlowerCup3_2.uasset" 159
"../../../../../../projets/Mech_Combat/Content/MechCombat/Meshes/Forest_Environment/FlowerCup3_3.uasset" 160
"../../../../../../projets/Mech_Combat/Content/MechCombat/Meshes/Forest_Environment/FlowerCup4.uasset" 161
"../../../../../../projets/Mech_Combat/Content/MechCombat/Meshes/Forest_Environment/FlowerCup4_2.uasset" 162
"../../../../../../projets/Mech_Combat/Content/MechCombat/Meshes/Forest_Environment/FlowerCup4_3.uasset" 163
"../../../../../../projets/Mech_Combat/Content/MechCombat/Meshes/Forest_Environment/FlowerNormal1.uasset" 164
"../../../../../../projets/Mech_Combat/Content/MechCombat/Meshes/Forest_Environment/FlowerNormal1_2.uasset" 165
"../../../../../../projets/Mech_Combat/Content/MechCombat/Meshes/Forest_Environment/FlowerNormal1_3.uasset" 166
"../../../../../../projets/Mech_Combat/Content/MechCombat/Meshes/Forest_Environment/FlowerNormal2.uasset" 167
"../../../../../../projets/Mech_Combat/Content/MechCombat/Meshes/Forest_Environment/FlowerNormal2_2.uasset" 168
"../../../../../../projets/Mech_Combat/Content/MechCombat/Meshes/Forest_Environment/FlowerNormal2_3.uasset" 169
"../../../../../../projets/Mech_Combat/Content/MechCombat/Meshes/Forest_Environment/FlowerNormal3.uasset" 170
"../../../../../../projets/Mech_Combat/Content/MechCombat/Meshes/Forest_Environment/FlowerNormal3_2.uasset" 171
"../../../../../../projets/Mech_Combat/Content/MechCombat/Meshes/Forest_Environment/FlowerNormal3_3.uasset" 172
"../../../../../../projets/Mech_Combat/Content/MechCombat/Meshes/Forest_Environment/FlowerSplit1.uasset" 173
"../../../../../../projets/Mech_Combat/Content/MechCombat/Meshes/Forest_Environment/FlowerSplit1_2.uasset" 174
"../../../../../../projets/Mech_Combat/Content/MechCombat/Meshes/Forest_Environment/FlowerSplit1_3.uasset" 175
"../../../../../../projets/Mech_Combat/Content/MechCombat/Meshes/Forest_Environment/FlowerSplit2.uasset" 176
"../../../../../../projets/Mech_Combat/Content/MechCombat/Meshes/Forest_Environment/FlowerSplit2_2.uasset" 177
"../../../../../../projets/Mech_Combat/Content/MechCombat/Meshes/Forest_Environment/FlowerSplit2_3.uasset" 178
"../../../../../../projets/Mech_Combat/Content/MechCombat/Meshes/Forest_Environment/FlowerSplit3.uasset" 179
"../../../../../../projets/Mech_Combat/Content/MechCombat/Meshes/Forest_Environment/FlowerSplit3_2.uasset" 180
"../../../../../../projets/Mech_Combat/Content/MechCombat/Meshes/Forest_Environment/FlowerSplit3_3.uasset" 181
"../../../../../../projets/Mech_Combat/Content/MechCombat/Meshes/Forest_Environment/FlowerSplit4.uasset" 182
"../../../../../../projets/Mech_Combat/Content/MechCombat/Meshes/Forest_Environment/FlowerSplit4_2.uasset" 183
"../../../../../../projets/Mech_Combat/Content/MechCombat/Meshes/Forest_Environment/FlowerSplit4_3.uasset" 184
"../../../../../../projets/Mech_Combat/Content/MechCombat/Meshes/Forest_Environment/Grass1.uasset" 185
"../../../../../../projets/Mech_Combat/Content/MechCombat/Meshes/Forest_Environment/Grass2.uasset" 186
"../../../../../../projets/Mech_Combat/Content/MechCombat/Meshes/Forest_Environment/Grass3.uasset" 187
"../../../../../../projets/Mech_Combat/Content/MechCombat/Meshes/Forest_Environment/IBeam.uasset" 188
"../../../../../../projets/Mech_Combat/Content/MechCombat/Meshes/Forest_Environment/Log1.uasset" 189
"../../../../../../projets/Mech_Combat/Content/MechCombat/Meshes/Forest_Environment/Log2.uasset" 190
"../../../../../../projets/Mech_Combat/Content/MechCombat/Meshes/Forest_Environment/LogHollow1.uasset" 191
"../../../../../../projets/Mech_Combat/Content/MechCombat/Meshes/Forest_Environment/Rock1.uasset" 192
"../../../../../../projets/Mech_Combat/Content/MechCombat/Meshes/Forest_Environment/Rock1_2.uasset" 193
"../../../../../../projets/Mech_Combat/Content/MechCombat/Meshes/Forest_Environment/Rock1_3.uasset" 194
"../../../../../../projets/Mech_Combat/Content/MechCombat/Meshes/Forest_Environment/Rock2.uasset" 195
"../../../../../../projets/Mech_Combat/Content/MechCombat/Meshes/Forest_Environment/Rock2_2.uasset" 196
"../../../../../../projets/Mech_Combat/Content/MechCombat/Meshes/Forest_Environment/Rock2_3.uasset" 197
"../../../../../../projets/Mech_Combat/Content/MechCombat/Meshes/Forest_Environment/Rock3.uasset" 198
"../../../../../../projets/Mech_Combat/Content/MechCombat/Meshes/Forest_Environment/Rock3_2.uasset" 199
"../../../../../../projets/Mech_Combat/Content/MechCombat/Meshes/Forest_Environment/Rock3_3.uasset" 200
"../../../../../../projets/Mech_Combat/Content/MechCombat/Meshes/Forest_Environment/Rock4_2.uasset" 201
"../../../../../../projets/Mech_Combat/Content/MechCombat/Meshes/Forest_Environment/Rock4_3.uasset" 202
"../../../../../../projets/Mech_Combat/Content/MechCombat/Meshes/Forest_Environment/Rock5.uasset" 203
"../../../../../../projets/Mech_Combat/Content/MechCombat/Meshes/Forest_Environment/Rock5_2.uasset" 204
"../../../../../../projets/Mech_Combat/Content/MechCombat/Meshes/Forest_Environment/Rock5_3.uasset" 205
"../../../../../../projets/Mech_Combat/Content/MechCombat/Meshes/Forest_Environment/Rock6.uasset" 206
"../../../../../../projets/Mech_Combat/Content/MechCombat/Meshes/Forest_Environment/Rock6_2.uasset" 207
"../../../../../../projets/Mech_Combat/Content/MechCombat/Meshes/Forest_Environment/Rock6_3.uasset" 208
"../../../../../../projets/Mech_Combat/Content/MechCombat/Meshes/Forest_Environment/Rock7.uasset" 209
"../../../../../../projets/Mech_Combat/Content/MechCombat/Meshes/Forest_Environment/Rock7_2.uasset" 210
"../../../../../../projets/Mech_Combat/Content/MechCombat/Meshes/Forest_Environment/Rock7_3.uasset" 211
"../../../../../../projets/Mech_Combat/Content/MechCombat/Meshes/Forest_Environment/Rock8.uasset" 212
"../../../../../../projets/Mech_Combat/Content/MechCombat/Meshes/Forest_Environment/Rock8_2.uasset" 213
"../../../../../../projets/Mech_Combat/Content/MechCombat/Meshes/Forest_Environment/Rock9.uasset" 214
"../../../../../../projets/Mech_Combat/Content/MechCombat/Meshes/Forest_Environment/Rock9_2.uasset" 215
"../../../../../../projets/Mech_Combat/Content/MechCombat/Meshes/Forest_Environment/Stick4.uasset" 216
"../../../../../../projets/Mech_Combat/Content/MechCombat/Meshes/Forest_Environment/Stick5.uasset" 217
"../../../../../../projets/Mech_Combat/Content/MechCombat/Meshes/Forest_Environment/Stump1.uasset" 218
"../../../../../../projets/Mech_Combat/Content/MechCombat/Meshes/Forest_Environment/Stump2.uasset" 219
"../../../../../../projets/Mech_Combat/Content/MechCombat/Meshes/Forest_Environment/Tree10_2.uasset" 220
"../../../../../../projets/Mech_Combat/Content/MechCombat/Meshes/Forest_Environment/Tree1_2.uasset" 221
"../../../../../../projets/Mech_Combat/Content/MechCombat/Meshes/Forest_Environment/Tree1_3.uasset" 222
"../../../../../../projets/Mech_Combat/Content/MechCombat/Meshes/Forest_Environment/Tree2.uasset" 223
"../../../../../../projets/Mech_Combat/Content/MechCombat/Meshes/Forest_Environment/Tree2_2.uasset" 224
"../../../../../../projets/Mech_Combat/Content/MechCombat/Meshes/Forest_Environment/Tree2_3.uasset" 225
"../../../../../../projets/Mech_Combat/Content/MechCombat/Meshes/Forest_Environment/Tree3.uasset" 226
"../../../../../../projets/Mech_Combat/Content/MechCombat/Meshes/Forest_Environment/Tree3_2.uasset" 227
"../../../../../../projets/Mech_Combat/Content/MechCombat/Meshes/Forest_Environment/Tree3_3.uasset" 228
"../../../../../../projets/Mech_Combat/Content/MechCombat/Meshes/Forest_Environment/Tree4.uasset" 229
"../../../../../../projets/Mech_Combat/Content/MechCombat/Meshes/Forest_Environment/Tree4_2.uasset" 230
"../../../../../../projets/Mech_Combat/Content/MechCombat/Meshes/Forest_Environment/Tree4_3.uasset" 231
"../../../../../../projets/Mech_Combat/Content/MechCombat/Meshes/Forest_Environment/Tree5.uasset" 232
"../../../../../../projets/Mech_Combat/Content/MechCombat/Meshes/Forest_Environment/Tree5_2.uasset" 233
"../../../../../../projets/Mech_Combat/Content/MechCombat/Meshes/Forest_Environment/Tree5_3.uasset" 234
"../../../../../../projets/Mech_Combat/Content/MechCombat/Meshes/Forest_Environment/Tree6.uasset" 235
"../../../../../../projets/Mech_Combat/Content/MechCombat/Meshes/Forest_Environment/Tree6_2.uasset" 236
"../../../../../../projets/Mech_Combat/Content/MechCombat/Meshes/Forest_Environment/Tree6_3.uasset" 237
"../../../../../../projets/Mech_Combat/Content/MechCombat/Meshes/Forest_Environment/Tree7.uasset" 238
"../../../../../../projets/Mech_Combat/Content/MechCombat/Meshes/Forest_Environment/Tree7_2.uasset" 239
"../../../../../../projets/Mech_Combat/Content/MechCombat/Meshes/Forest_Environment/Tree7_3.uasset" 240
"../../../../../../projets/Mech_Combat/Content/MechCombat/Meshes/Forest_Environment/Tree8.uasset" 241
"../../../../../../projets/Mech_Combat/Content/MechCombat/Meshes/Forest_Environment/Tree8_2.uasset" 242
"../../../../../../projets/Mech_Combat/Content/MechCombat/Meshes/Forest_Environment/Tree8_3.uasset" 243
"../../../../../../projets/Mech_Combat/Content/MechCombat/Meshes/Forest_Environment/Tree9.uasset" 244
"../../../../../../projets/Mech_Combat/Content/MechCombat/Meshes/Forest_Environment/Tree9_2.uasset" 245
"../../../../../../projets/Mech_Combat/Content/MechCombat/Meshes/Forest_Environment/Tree9_3.uasset" 246
"../../../../../../projets/Mech_Combat/Content/MechCombat/Meshes/Forest_Environment/Tree_Pine1_2.uasset" 247
"../../../../../../projets/Mech_Combat/Content/MechCombat/Meshes/Forest_Environment/Tree_Pine1_3.uasset" 248
"../../../../../../projets/Mech_Combat/Content/MechCombat/Meshes/Forest_Environment/Tree_Pine2.uasset" 249
"../../../../../../projets/Mech_Combat/Content/MechCombat/Meshes/Forest_Environment/Tree_Pine2_2.uasset" 250
"../../../../../../projets/Mech_Combat/Content/MechCombat/Meshes/Forest_Environment/Tree_Pine2_3.uasset" 251
"../../../../../../projets/Mech_Combat/Content/MechCombat/Meshes/Main_Character/RoboHammer_Mesh_Skeleton.uasset" 252
"../../../../../../projets/Mech_Combat/Content/MechCombat/Meshes/Main_Character/RoboHammer_Mesh_Anim.uasset" 253
"../../../../../../projets/Mech_Combat/Content/MechCombat/Meshes/Main_Character/Robo_Character_Mesh_Skeleton.uasset" 254
"../../../../../../projets/Mech_Combat/Content/MechCombat/Meshes/Main_Character/Robo_Character_Mesh_Anim.uasset" 255
"../../../../../../projets/Mech_Combat/Content/MechCombat/UserInterface/RageCostFill.uasset" 256
"../../../../../../projets/Mech_Combat/Content/MechCombat/UserInterface/RageCostNoFill.uasset" 257
"../../../../../../projets/Mech_Combat/Content/MechCombat/UserInterface/SkillsActive.uasset" 258
"../../../../../../projets/Mech_Combat/Content/MechCombat/UserInterface/SkillsInactive.uasset" 259
"../../../../../../projets/Mech_Combat/Content/MechCombat/UserInterface/MainMenu/Credits.uasset" 260
"../../../../../../projets/Mech_Combat/Content/MechCombat/UserInterface/MainMenu/CreditsActive.uasset" 261
"../../../../../../projets/Mech_Combat/Content/MechCombat/UserInterface/MainMenu/Feedback.uasset" 262
"../../../../../../projets/Mech_Combat/Content/MechCombat/UserInterface/MainMenu/FeedbackActive.uasset" 263
"../../../../../../projets/Mech_Combat/Content/MechCombat/UserInterface/MainMenu/ResetMap.uasset" 264
"../../../../../../projets/Mech_Combat/Content/MechCombat/UserInterface/MainMenu/ResetMapActive.uasset" 265
"../../../../../../projets/Mech_Combat/Content/MechCombat/UserInterface/UpradeScreen/DomeSize.uasset" 266
"../../../../../../projets/Mech_Combat/Content/MechCombat/UserInterface/UpradeScreen/SelectMinus.uasset" 267
"../../../../../../projets/Mech_Combat/Content/MechCombat/UserInterface/UpradeScreen/SelectMinusActive.uasset" 268
"../../../../../../projets/Mech_Combat/Content/MechCombat/UserInterface/UpradeScreen/UpgradeReferance.uasset" 269
"../../../../../../projets/Mech_Combat/Content/StarterContent/Materials/M_Basic_Wall.uasset" 270
"../../../../../../projets/Mech_Combat/Content/StarterContent/Architecture/Pillar_50x500.uasset" 271
"../../../../../../projets/Mech_Combat/Content/StarterContent/Architecture/Wall_400x300.uasset" 272
"../../../../../../projets/Mech_Combat/Content/StarterContent/Architecture/Wall_400x400.uasset" 273
"../../../../../../projets/Mech_Combat/Content/StarterContent/Architecture/Wall_500x500.uasset" 274
"../../../../../../projets/Mech_Combat/Content/StarterContent/Architecture/Wall_Door_400x400.uasset" 275
"../../../../../../projets/Mech_Combat/Content/StarterContent/Architecture/Wall_Window_400x400.uasset" 276
"../../../../../../projets/Mech_Combat/Content/StarterContent/Audio/Collapse01.uasset" 277
"../../../../../../projets/Mech_Combat/Content/StarterContent/Audio/Collapse02.uasset" 278
"../../../../../../projets/Mech_Combat/Content/StarterContent/Audio/Explosion01.uasset" 279
"../../../../../../projets/Mech_Combat/Content/StarterContent/Audio/Explosion02.uasset" 280
"../../../../../../projets/Mech_Combat/Content/StarterContent/Audio/Fire01.uasset" 281
"../../../../../../projets/Mech_Combat/Content/StarterContent/Audio/Fire_Sparks01.uasset" 282
"../../../../../../projets/Mech_Combat/Content/StarterContent/Audio/Light01.uasset" 283
"../../../../../../projets/Mech_Combat/Content/StarterContent/Audio/Light01_Cue.uasset" 284
"../../../../../../projets/Mech_Combat/Content/StarterContent/Audio/Light02.uasset" 285
"../../../../../../projets/Mech_Combat/Content/StarterContent/Audio/Light02_Cue.uasset" 286
"../../../../../../projets/Mech_Combat/Content/StarterContent/Audio/Smoke01.uasset" 287
"../../../../../../projets/Mech_Combat/Content/StarterContent/Audio/Starter_Birds01.uasset" 288
"../../../../../../projets/Mech_Combat/Content/StarterContent/Audio/Starter_Music01.uasset" 289
"../../../../../../projets/Mech_Combat/Content/StarterContent/Audio/Starter_Wind05.uasset" 290
"../../../../../../projets/Mech_Combat/Content/StarterContent/Audio/Starter_Wind06.uasset" 291
"../../../../../../projets/Mech_Combat/Content/StarterContent/Audio/Steam01.uasset" 292
"../../../../../../projets/Mech_Combat/Content/StarterContent/Audio/Explosion_Cue.uasset" 293
"../../../../../../projets/Mech_Combat/Content/StarterContent/Blueprints/Blueprint_Effect_Explosion.uasset" 294
"../../../Engine/Content/EditorMeshes/ColorCalibrator/T_ColorGrid.uasset" 295
"../../../../../../projets/Mech_Combat/Content/StarterContent/Materials/M_ColorGrid_LowSpec.uasset" 296
"../../../../../../projets/Mech_Combat/Content/StarterContent/Textures/T_Bush_N.uasset" 297
"../../../../../../projets/Mech_Combat/Content/StarterContent/Textures/T_Bush_D.uasset" 298
"../../../../../../projets/Mech_Combat/Content/StarterContent/Props/Materials/M_Bush.uasset" 299
"../../../../../../projets/Mech_Combat/Content/StarterContent/Props/SM_Bush.uasset" 300
"../../../../../../projets/Mech_Combat/Content/StarterContent/Textures/T_Chair_N.uasset" 301
"../../../../../../projets/Mech_Combat/Content/StarterContent/Textures/T_Chair_M.uasset" 302
"../../../../../../projets/Mech_Combat/Content/StarterContent/Props/Materials/M_Chair.uasset" 303
"../../../../../../projets/Mech_Combat/Content/StarterContent/Props/SM_Couch.uasset" 304
"../../../../../../projets/Mech_Combat/Content/StarterContent/Materials/M_Glass.uasset" 305
"../../../../../../projets/Mech_Combat/Content/StarterContent/Textures/T_Door_N.uasset" 306
"../../../../../../projets/Mech_Combat/Content/StarterContent/Textures/T_Door_M.uasset" 307
"../../../../../../projets/Mech_Combat/Content/StarterContent/Props/Materials/M_Door.uasset" 308
"../../../../../../projets/Mech_Combat/Content/StarterContent/Props/SM_Door.uasset" 309
"../../../../../../projets/Mech_Combat/Content/StarterContent/Props/Materials/M_MaterialSphere_Plain.uasset" 310
"../../../../../../projets/Mech_Combat/Content/StarterContent/Props/Materials/M_MaterialSphere.uasset" 311
"../../../../../../projets/Mech_Combat/Content/StarterContent/Props/SM_MatPreviewMesh_02.uasset" 312
"../../../../../../projets/Mech_Combat/Content/StarterContent/Textures/T_Rock_Basalt_D.uasset" 313
"../../../../../../projets/Mech_Combat/Content/StarterContent/Textures/T_Detail_Rocky_N.uasset" 314
"../../../../../../projets/Mech_Combat/Content/StarterContent/Textures/T_RockMesh_N.uasset" 315
"../../../../../../projets/Mech_Combat/Content/StarterContent/Textures/T_RockMesh_M.uasset" 316
"../../../../../../projets/Mech_Combat/Content/StarterContent/Props/Materials/M_Rock.uasset" 317
"../../../../../../projets/Mech_Combat/Content/StarterContent/Props/SM_Rock.uasset" 318
"../../../../../../projets/Mech_Combat/Content/StarterContent/Textures/T_Shelf_N.uasset" 319
"../../../../../../projets/Mech_Combat/Content/StarterContent/Textures/T_Shelf_M.uasset" 320
"../../../../../../projets/Mech_Combat/Content/StarterContent/Props/Materials/M_Shelf.uasset" 321
"../../../../../../projets/Mech_Combat/Content/StarterContent/Props/SM_Shelf.uasset" 322
"../../../../../../projets/Mech_Combat/Content/StarterContent/Materials/M_Basic_Floor.uasset" 323
"../../../../../../projets/Mech_Combat/Content/StarterContent/Props/SM_Stairs.uasset" 324
"../../../../../../projets/Mech_Combat/Content/StarterContent/Shapes/Shape_Cylinder.uasset" 325
"../../../../../../projets/Mech_Combat/Content/StarterContent/Shapes/Shape_NarrowCapsule.uasset" 326
"../../../../../../projets/Mech_Combat/Content/StarterContent/Shapes/Shape_Pipe.uasset" 327
"../../../../../../projets/Mech_Combat/Content/StarterContent/Shapes/Shape_Pipe_180.uasset" 328
"../../../../../../projets/Mech_Combat/Content/StarterContent/Shapes/Shape_Pipe_90.uasset" 329
"../../../../../../projets/Mech_Combat/Content/StarterContent/Shapes/Shape_Plane.uasset" 330
"../../../../../../projets/Mech_Combat/Content/StarterContent/Shapes/Shape_Torus.uasset" 331
"../../../../../../projets/Mech_Combat/Content/StarterContent/Shapes/Shape_Trim.uasset" 332
"../../../../../../projets/Mech_Combat/Content/StarterContent/Shapes/Shape_Trim_90_In.uasset" 333
"../../../../../../projets/Mech_Combat/Content/StarterContent/Shapes/Shape_Trim_90_Out.uasset" 334
"../../../../../../projets/Mech_Combat/Content/StarterContent/Shapes/Shape_TriPyramid.uasset" 335
"../../../../../../projets/Mech_Combat/Content/StarterContent/Shapes/Shape_Tube.uasset" 336
"../../../../../../projets/Mech_Combat/Content/StarterContent/Shapes/Shape_Wedge_A.uasset" 337
"../../../../../../projets/Mech_Combat/Content/StarterContent/Shapes/Shape_Wedge_B.uasset" 338
"../../../../../../projets/Mech_Combat/Content/StarterContent/Shapes/Shape_WideCapsule.uasset" 339
"../../../../../../projets/Mech_Combat/Content/ThirdPerson/Meshes/RampMaterial.uasset" 340
"../../../../../../projets/Mech_Combat/Content/ThirdPerson/Meshes/Bump_StaticMesh.uasset" 341
"../../../../../../projets/Mech_Combat/Content/ThirdPerson/Meshes/LeftArm_StaticMesh.uasset" 342
"../../../../../../projets/Mech_Combat/Content/ThirdPerson/Meshes/Linear_Stair_StaticMesh.uasset" 343
"../../../../../../projets/Mech_Combat/Content/ThirdPerson/Meshes/Ramp_StaticMesh.uasset" 344
"../../../../../../projets/Mech_Combat/Content/ThirdPerson/Meshes/RightArm_StaticMesh.uasset" 345
"../../../Engine/Content/Animation/DefaultAnimCurveCompressionSettings.uasset" 346
"../../../Engine/Content/EngineMaterials/T_Default_Material_Grid_N.uasset" 347
"../../../Engine/Content/EngineMaterials/T_Default_Material_Grid_M.uasset" 348
"../../../Engine/Content/Functions/Engine_MaterialFunctions01/Opacity/CameraDepthFade.uasset" 349
"../../../Engine/Content/EngineMaterials/WorldGridMaterial.uasset" 350
"../../../Engine/Content/ArtTools/RenderToTexture/Meshes/S_1_Unit_Plane.uasset" 351
"../../../Engine/Content/EngineMaterials/DefaultMaterial.uasset" 352
"../../../Engine/Content/BasicShapes/Cone.uasset" 353
"../../../Engine/Content/BasicShapes/Cube.uasset" 354
"../../../Engine/Content/BasicShapes/Plane.uasset" 355
"../../../Engine/Content/BasicShapes/Sphere.uasset" 356
"../../../Engine/Content/EditorLandscapeResources/DataLayer.uasset" 357
"../../../Engine/Content/EditorLandscapeResources/DefaultAlphaTexture.uasset" 358
"../../../Engine/Content/EditorMaterials/MAT_Groups_Toggle.uasset" 359
"../../../Engine/Content/EditorMaterials/MAT_Groups_Visibility.uasset" 360
"../../../Engine/Content/EditorMaterials/PreviewShadowIndicator.uasset" 361
"../../../Engine/Content/EditorMaterials/PreviewShadowIndicatorMaterial.uasset" 362
"../../../Engine/Content/EditorMaterials/MatineeGroups/MAT_ColorTrack.uasset" 363
"../../../Engine/Content/EditorMaterials/MatineeGroups/MAT_Groups_Anim.uasset" 364
"../../../Engine/Content/EditorMaterials/MatineeGroups/MAT_Groups_AudioMaster.uasset" 365
"../../../Engine/Content/EditorMaterials/MatineeGroups/MAT_Groups_Director.uasset" 366
"../../../Engine/Content/EditorMaterials/MatineeGroups/MAT_Groups_Event.uasset" 367
"../../../Engine/Content/EditorMaterials/MatineeGroups/MAT_Groups_Fade.uasset" 368
"../../../Engine/Content/EditorMaterials/MatineeGroups/MAT_Groups_Float.uasset" 369
"../../../Engine/Content/EditorMaterials/MatineeGroups/MAT_Groups_Move.uasset" 370
"../../../Engine/Content/EditorMaterials/MatineeGroups/MAT_Groups_Slomo.uasset" 371
"../../../Engine/Content/EditorMaterials/MatineeGroups/MAT_Groups_Sound.uasset" 372
"../../../Engine/Content/EditorMaterials/MatineeGroups/MAT_Groups_Vector.uasset" 373
"../../../Engine/Content/EditorMaterials/ParticleSystems/PSysThumbnail_NoImage.uasset" 374
"../../../Engine/Content/EditorMaterials/ParticleSystems/PSysThumbnail_OOD.uasset" 375
"../../../Engine/Content/EditorMaterials/Camera/CineMat.uasset" 376
"../../../Engine/Content/EditorMaterials/Camera/MI_CineMat_Rig.uasset" 377
"../../../Engine/Content/EditorMeshes/Camera/SM_CraneRig_Arm.uasset" 378
"../../../Engine/Content/EditorMeshes/Camera/SM_CraneRig_Base.uasset" 379
"../../../Engine/Content/EditorMeshes/Camera/SM_CraneRig_Body.uasset" 380
"../../../Engine/Content/EditorMeshes/Camera/SM_CraneRig_Mount.uasset" 381
"../../../Engine/Content/EditorMeshes/Camera/SM_RailRig_Mount.uasset" 382
"../../../Engine/Content/EditorMeshes/Camera/SM_RailRig_Track.uasset" 383
"../../../Engine/Content/EditorResources/BSPVertex.uasset" 384
"../../../Engine/Content/EditorResources/EmptyActor.uasset" 385
"../../../Engine/Content/EditorResources/S_Actor.uasset" 386
"../../../Engine/Content/EditorResources/S_Note.uasset" 387
"../../../Engine/Content/EditorResources/S_Solver.uasset" 388
"../../../Engine/Content/EditorResources/S_Terrain.uasset" 389
"../../../Engine/Content/EditorResources/S_Trigger.uasset" 390
"../../../Engine/Content/EditorResources/AudioIcons/S_AudioComponent.uasset" 391
"../../../Engine/Content/EditorResources/AudioIcons/S_AudioComponent_AutoActivate.uasset" 392
"../../../Engine/Content/EditorResources/LightIcons/S_LightError.uasset" 393
"../../../Engine/Content/EditorResources/SequenceRecorder/Countdown.uasset" 394
"../../../Engine/Content/EditorResources/SequenceRecorder/RecordingIndicator.uasset" 395
"../../../Engine/Content/EngineDamageTypes/DmgTypeBP_Environmental.uasset" 396
"../../../Engine/Content/EngineDebugMaterials/DebugEditorMaterial.uasset" 397
"../../../Engine/Content/EngineDebugMaterials/DebugMeshMaterial.uasset" 398
"../../../Engine/Content/EngineDebugMaterials/M_SimpleUnlitTranslucent.uasset" 399
"../../../Engine/Content/EngineDebugMaterials/VolumeToRender.uasset" 400
"../../../Engine/Content/Functions/Engine_MaterialFunctions02/Utility/CameraDirectionVector.uasset" 401
"../../../Engine/Content/EngineDebugMaterials/M_VolumeRenderSphereTracePP.uasset" 402
"../../../Engine/Content/Functions/Engine_MaterialFunctions01/Shading/ConvertFromDiffSpec.uasset" 403
"../../../Engine/Content/EngineDebugMaterials/VertexColorMaterial.uasset" 404
"../../../Engine/Content/EngineDebugMaterials/WireframeMaterial.uasset" 405
"../../../Engine/Content/EngineFonts/Faces/RobotoRegular.uasset" 406
"../../../Engine/Content/EngineFonts/Faces/RobotoLight.uasset" 407
"../../../Engine/Content/EngineFonts/Faces/RobotoItalic.uasset" 408
"../../../Engine/Content/EngineFonts/Faces/RobotoBoldItalic.uasset" 409
"../../../Engine/Content/EngineFonts/Faces/RobotoBold.uasset" 410
"../../../Engine/Content/EngineFonts/Faces/DroidSansFallback.uasset" 411
"../../../Engine/Content/EngineFonts/Roboto.uasset" 412
"../../../Engine/Content/EngineMaterials/BaseFlattenNormalMap.uasset" 413
"../../../Engine/Content/EngineMaterials/BaseFlattenGrayscaleMap.uasset" 414
"../../../Engine/Content/EngineMaterials/BaseFlattenEmissiveMap.uasset" 415
"../../../Engine/Content/EngineMaterials/BaseFlattenDiffuseMap.uasset" 416
"../../../Engine/Content/EngineMaterials/BaseFlattenMaterial.uasset" 417
"../../../Engine/Content/EngineMaterials/BlueNoise.uasset" 418
"../../../Engine/Content/EngineMaterials/DefaultBloomKernel.uasset" 419
"../../../Engine/Content/EngineMaterials/DefaultBokeh.uasset" 420
"../../../Engine/Content/EngineMaterials/DefaultDiffuse.uasset" 421
"../../../Engine/Content/EngineMaterials/DefaultDeferredDecalMaterial.uasset" 422
"../../../Engine/Content/EngineMaterials/DefaultLightFunctionMaterial.uasset" 423
"../../../Engine/Content/Functions/Engine_MaterialFunctions02/Utility/BreakOutFloat2Components.uasset" 424
"../../../Engine/Content/EngineMaterials/DefaultPostProcessMaterial.uasset" 425
"../../../Engine/Content/EngineFonts/RobotoDistanceField.uasset" 426
"../../../Engine/Content/EngineMaterials/DefaultTextMaterialOpaque.uasset" 427
"../../../Engine/Content/EngineMaterials/DefaultWhiteGrid.uasset" 428
"../../../Engine/Content/EngineMaterials/DefaultWhiteGrid_Low.uasset" 429
"../../../Engine/Content/EngineMaterials/EmissiveMeshMaterial.uasset" 430
"../../../Engine/Content/EngineMaterials/GizmoMaterial.uasset" 431
"../../../Engine/Content/EngineMaterials/Good64x64TilingNoiseHighFreq.uasset" 432
"../../../Engine/Content/EngineMaterials/MiniFont.uasset" 433
"../../../Engine/Content/EngineMaterials/InvalidLightmapSettings.uasset" 434
"../../../Engine/Content/EngineMaterials/M_InvalidLightmapSettings.uasset" 435
"../../../Engine/Content/Functions/Engine_MaterialFunctions02/WorldPositionOffset/CameraOffset.uasset" 436
"../../../Engine/Content/EngineMaterials/PhAT_JointLimitMaterial.uasset" 437
"../../../Engine/Content/EngineMaterials/PreintegratedSkinBRDF.uasset" 438
"../../../Engine/Content/EngineMaterials/RemoveSurfaceMaterial.uasset" 439
"../../../Engine/Content/EngineResources/WhiteSquareTexture.uasset" 440
"../../../Engine/Content/EngineMaterials/Widget3DPassThrough.uasset" 441
"../../../Engine/Content/EngineMaterials/Widget3DPassThrough_Masked.uasset" 442
"../../../Engine/Content/EngineMaterials/Widget3DPassThrough_Opaque.uasset" 443
"../../../Engine/Content/EngineMaterials/Widget3DPassThrough_Masked_OneSided.uasset" 444
"../../../Engine/Content/EngineMaterials/Widget3DPassThrough_Opaque_OneSided.uasset" 445
"../../../Engine/Content/EngineMaterials/Widget3DPassThrough_Translucent.uasset" 446
"../../../Engine/Content/EngineMaterials/Widget3DPassThrough_Translucent_OneSided.uasset" 447
"../../../Engine/Content/EngineMeshes/Cylinder.uasset" 448
"../../../Engine/Content/EngineMeshes/Sphere.uasset" 449
"../../../Engine/Content/EngineResources/Black.uasset" 450
"../../../Engine/Content/EngineResources/DefaultTextureCube.uasset" 451
"../../../Engine/Content/EngineResources/DefaultVolumeTexture2D.uasset" 452
"../../../Engine/Content/EngineResources/DefaultVolumeTexture.uasset" 453
"../../../Engine/Content/EngineResources/GradientTexture0.uasset" 454
"../../../Engine/Content/EngineSky/VolumetricClouds/T_NoiseShape64.uasset" 455
"../../../Engine/Content/EngineSky/VolumetricClouds/T_VolumeNoiseShape64.uasset" 456
"../../../Engine/Content/EngineSky/VolumetricClouds/T_NoiseErosion.uasset" 457
"../../../Engine/Content/EngineSky/VolumetricClouds/T_VolumeNoiseErosion32.uasset" 458
"../../../Engine/Content/EngineSky/VolumetricClouds/CloudWeatherTexture.uasset" 459
"../../../Engine/Content/EngineSky/VolumetricClouds/CloudGradientTexture.uasset" 460
"../../../Engine/Content/Functions/Engine_MaterialFunctions02/Utility/MakeFloat2.uasset" 461
"../../../Engine/Content/EngineSky/VolumetricClouds/m_SimpleVolumetricCloud.uasset" 462
"../../../Engine/Content/EngineSky/VolumetricClouds/m_SimpleVolumetricCloud_Inst.uasset" 463
"../../../Engine/Content/EngineSounds/Master.uasset" 464
"../../../Engine/Content/Functions/Engine_MaterialFunctions01/Shading/PowerToRoughness.uasset" 465
"../../../Engine/Content/Maps/Templates/Thumbnails/Default.uasset" 466
"../../../Engine/Content/Maps/Templates/Thumbnails/TimeOfDay.uasset" 467
"../../../Engine/Content/Maps/Templates/Thumbnails/VR-Basic.uasset" 468
"../../../Engine/Content/MobileResources/T_MobileControls_texture.uasset" 469
"../../../Engine/Content/MobileResources/T_MobileMenu2.uasset" 470
"../../../Engine/Content/MobileResources/HUD/AnalogHat.uasset" 471
"../../../Engine/Content/MobileResources/HUD/VirtualJoystick_Thumb.uasset" 472
"../../../Engine/Content/MobileResources/HUD/VirtualJoystick_Background.uasset" 473
"../../../Engine/Content/MobileResources/HUD/DefaultVirtualJoysticks.uasset" 474
"../../../Engine/Content/MobileResources/HUD/LeftVirtualJoystickOnly.uasset" 475
"../../../Engine/Content/MobileResources/HUD/MobileHUDButton1_off.uasset" 476
"../../../Engine/Content/MobileResources/HUD/MobileHUDButton1_on.uasset" 477
"../../../Engine/Content/MobileResources/HUD/MobileHUDButton2_off.uasset" 478
"../../../Engine/Content/MobileResources/HUD/MobileHUDButton2_on.uasset" 479
"../../../Engine/Content/MobileResources/HUD/MobileHUDButton3.uasset" 480
"../../../Engine/Content/MobileResources/HUD/MobileHUDButtonFire.uasset" 481
"../../../Engine/Content/MobileResources/HUD/MobileHUDDirectionPad.uasset" 482
"../../../Engine/Content/MobileResources/HUD/MobileHUDDirectionPad2.uasset" 483
"../../../Engine/Content/MobileResources/HUD/MobileHUDDirectionPad3.uasset" 484
"../../../Engine/Content/MobileResources/HUD/MobileHUDDirectionStick.uasset" 485
"../../../Engine/Content/MobileResources/HUD/T_Castle_ThumbstickInner.uasset" 486
"../../../Engine/Content/MobileResources/HUD/T_Castle_ThumbstickOutter.uasset" 487
"../../../Engine/Content/Tutorial/ContentIntroCurve.uasset" 488
"../../../Engine/Content/Tutorial/Basics/LevelEditorAttract.uasset" 489
"../../../Engine/Content/Tutorial/Basics/TutorialAssets/icon_tab_Levels_40x.uasset" 490
"../../../Engine/Content/Tutorial/Basics/LevelEditorOverview.uasset" 491
"../../../Engine/Content/Tutorial/Installation/InstallingVisualStudioTutorial.uasset" 492
"../../../Engine/Content/Tutorial/BlueprintTutorials/TutorialAssets/Blueprint_64x.uasset" 493
"../../../Engine/Content/Tutorial/InWorldBlueprintEditing/IWBE_Tutorial.uasset" 494
"../../../Engine/Content/Tutorial/InWorldBlueprintEditing/IWBE_Tutorial_Part2.uasset" 495
"../../../Engine/Content/Tutorial/InWorldBlueprintEditing/IWBE_Tutorial_Part3.uasset" 496
"../../../Engine/Content/Tutorial/Landscape/TutorialAssets/Landscape.uasset" 497
"../../../Engine/Content/Tutorial/Landscape/LandscapeWalkThrough.uasset" 498
"../../../Engine/Content/Tutorial/Landscape/Landscape_Manage_Mode.uasset" 499
"../../../Engine/Content/Tutorial/Landscape/Landscape_Painting_Mode.uasset" 500
"../../../Engine/Content/Tutorial/Landscape/Landscape_Sculpt_Mode.uasset" 501
"../../../Engine/Content/VREditor/TransformGizmo/TranslucentTransformGizmoMaterial.uasset" 502
"../../../Engine/Content/VREditor/LaserPointer/VR_LaserPower_01.uasset" 503
"../../../Engine/Content/VREditor/TransformGizmo/TransformGizmoMaterial.uasset" 504
"../../../Engine/Content/VREditor/TransformGizmo/BoundingBoxCorner.uasset" 505
"../../../Engine/Content/VREditor/TransformGizmo/BoundingBoxEdge.uasset" 506
"../../../Engine/Content/VREditor/TransformGizmo/PlaneTranslationHandle.uasset" 507
"../../../Engine/Content/VREditor/TransformGizmo/Xray.uasset" 508
"../../../Engine/Content/VREditor/TransformGizmo/Main.uasset" 509
"../../../Engine/Content/VREditor/TransformGizmo/SM_Sequencer_Key.uasset" 510
"../../../Engine/Content/VREditor/TransformGizmo/SM_Sequencer_Node.uasset" 511
"../../Plugins/2D/Paper2D/Content/PlaceholderTextures/DummySpriteTexture.uasset" 512
"../../Plugins/2D/Paper2D/Content/DummySprite.uasset" 513
"../../Plugins/2D/Paper2D/Content/DefaultPaperTerrainMaterial.uasset" 514
"../../Plugins/2D/Paper2D/Content/DefaultSpriteMaterial.uasset" 515
"../../Plugins/2D/Paper2D/Content/MaskedUnlitSpriteMaterial.uasset" 516
"../../Plugins/2D/Paper2D/Content/OpaqueUnlitSpriteMaterial.uasset" 517
"../../../Engine/Content/Functions/Engine_MaterialFunctions02/ObjectLocalBounds.uasset" 518
"../../../Engine/Content/Functions/Engine_MaterialFunctions02/Utility/BreakOutFloat3Components.uasset" 519
"../../Plugins/Editor/SpeedTreeImporter/Content/SpeedTree9/UnpackInteger3.uasset" 520
"../../Plugins/Editor/SpeedTreeImporter/Content/SpeedTree9/UnpackDirection.uasset" 521
"../../Plugins/Editor/SpeedTreeImporter/Content/SpeedTree9/game_wind_noise.uasset" 522
"../../../Engine/Content/Functions/Engine_MaterialFunctions02/SafeNormalize.uasset" 523
"../../Plugins/Editor/SpeedTreeImporter/Content/SpeedTree9/SpeedTreeWindMotion.uasset" 524
"../../Plugins/Editor/SpeedTreeImporter/Content/SpeedTree9/SpeedTreeBranchMotion.uasset" 525
"../../../Engine/Content/Functions/Engine_MaterialFunctions02/UVs/BoundingBoxBased_0-1_UVW.uasset" 526
"../../Plugins/Editor/SpeedTreeImporter/Content/SpeedTree9/SpeedTreeWind.uasset" 527
"../../Plugins/Editor/SpeedTreeImporter/Content/SpeedTree9/SpeedTreeBillboard.uasset" 528
"../../../Engine/Content/EngineResources/DefaultTexture.uasset" 529
"../../Plugins/Editor/SpeedTreeImporter/Content/SpeedTree9/SpeedTreeBillboardMaster.uasset" 530
"../../Plugins/Editor/SpeedTreeImporter/Content/SpeedTree9/SpeedTreeCameraFacing.uasset" 531
"../../Plugins/Editor/SpeedTreeImporter/Content/SpeedTree9/SpeedTreeMaster.uasset" 532
"../../../Engine/Content/BasicShapes/Cylinder.uasset" 533
"../../../Engine/Content/ArtTools/RenderToTexture/Materials/Debug/M_Emissive_Color.uasset" 534
"../../Plugins/Lumin/MagicLeapPassableWorld/Content/MagicLeapARPinInfoActor.uasset" 535
"../../../Engine/Content/Functions/Engine_MaterialFunctions02/Utility/BreakOutFloat4Components.uasset" 536
"../../../Engine/Content/Functions/Engine_MaterialFunctions02/Utility/MakeFloat3.uasset" 537
"../../Plugins/Runtime/Oculus/OculusVR/Content/Materials/OculusMR_ChromaKey.uasset" 538
"../../Plugins/Runtime/Oculus/OculusVR/Content/Materials/OculusMR_OpaqueColoredMaterial.uasset" 539
"../../Plugins/Runtime/Oculus/OculusVR/Content/Materials/PokeAHoleMaterial.uasset" 540
"../../../../../../projets/Mech_Combat/Content/StarterContent/Materials/M_AssetPlatform.uasset" 541
"../../../../../../projets/Mech_Combat/Content/StarterContent/Architecture/SM_AssetPlatform.uasset" 542
"../../../Engine/Content/EditorMeshes/ColorCalibrator/M_GreyBall.uasset" 543
"../../../Engine/Content/EditorMeshes/ColorCalibrator/Color_checker.uasset" 544
"../../../Engine/Content/EditorMeshes/ColorCalibrator/M_ColorGrid.uasset" 545
"../../../Engine/Content/EditorMeshes/ColorCalibrator/M_ClearCoatBlack.uasset" 546
"../../../Engine/Content/EditorMeshes/ColorCalibrator/M_ClearCoat.uasset" 547
"../../../Engine/Content/EditorMeshes/ColorCalibrator/M_ChromeBall.uasset" 548
"../../../Engine/Content/EditorMeshes/ColorCalibrator/SM_ColorCalibrator.uasset" 549
"../../../../../../projets/Mech_Combat/Content/StarterContent/Maps/Advanced_Lighting_BuiltData.uasset" 550
"../../../../../../projets/Mech_Combat/Content/StarterContent/HDRI/HDRI_Epic_Courtyard_Daylight.uasset" 551
"../../../Engine/Content/MapTemplates/Sky/DaylightAmbientCubemap.uasset" 552
"../../../../../../projets/Mech_Combat/Content/StarterContent/Blueprints/Assets/M_LightStage_Skybox_Master.uasset" 553
"../../../../../../projets/Mech_Combat/Content/StarterContent/Blueprints/Assets/M_LightStage_Skybox_HDRI.uasset" 554
"../../../../../../projets/Mech_Combat/Content/StarterContent/Blueprints/Assets/M_LightStage_Arrows.uasset" 555
"../../../../../../projets/Mech_Combat/Content/StarterContent/Blueprints/Assets/SM_Arrows.uasset" 556
"../../../Engine/Content/EditorMaterials/Thumbnails/SkySphereMaterial.uasset" 557
"../../../../../../projets/Mech_Combat/Content/StarterContent/Blueprints/Assets/Skybox.uasset" 558
"../../../../../../projets/Mech_Combat/Content/StarterContent/Blueprints/Assets/M_LightStage_Skybox_Black.uasset" 559
"../../../../../../projets/Mech_Combat/Content/StarterContent/Blueprints/Assets/SunlightColorLUT.uasset" 560
"../../../../../../projets/Mech_Combat/Content/StarterContent/Blueprints/Assets/FogBrightnessLUT.uasset" 561
"../../../../../../projets/Mech_Combat/Content/StarterContent/Blueprints/BP_LightStudio.uasset" 562
"../../../../../../projets/Mech_Combat/Content/StarterContent/Maps/Advanced_Lighting.umap" 563
"../../../../../../projets/Mech_Combat/Content/StarterContent/Audio/Starter_Background_Cue.uasset" 564
"../../../../../../projets/Mech_Combat/Content/StarterContent/Architecture/Floor_400x400.uasset" 565
"../../../../../../projets/Mech_Combat/Content/StarterContent/Textures/T_TableRound_N.uasset" 566
"../../../../../../projets/Mech_Combat/Content/StarterContent/Textures/T_TableRound_M.uasset" 567
"../../../../../../projets/Mech_Combat/Content/StarterContent/Props/Materials/M_TableRound.uasset" 568
"../../../../../../projets/Mech_Combat/Content/StarterContent/Props/SM_TableRound.uasset" 569
"../../../../../../projets/Mech_Combat/Content/StarterContent/Textures/T_Statue_N.uasset" 570
"../../../../../../projets/Mech_Combat/Content/StarterContent/Textures/T_Statue_M.uasset" 571
"../../../../../../projets/Mech_Combat/Content/StarterContent/Props/Materials/M_Statue.uasset" 572
"../../../../../../projets/Mech_Combat/Content/StarterContent/Props/Materials/M_StatueGlass.uasset" 573
"../../../../../../projets/Mech_Combat/Content/StarterContent/Props/SM_Statue.uasset" 574
"../../../../../../projets/Mech_Combat/Content/StarterContent/Props/SM_Chair.uasset" 575
"../../../../../../projets/Mech_Combat/Content/StarterContent/Textures/T_Metal_Copper_D.uasset" 576
"../../../../../../projets/Mech_Combat/Content/StarterContent/Textures/T_Metal_Gold_N.uasset" 577
"../../../../../../projets/Mech_Combat/Content/StarterContent/Textures/T_MacroVariation.uasset" 578
"../../../../../../projets/Mech_Combat/Content/StarterContent/Materials/M_Metal_Copper.uasset" 579
"../../../../../../projets/Mech_Combat/Content/StarterContent/Textures/T_Metal_Aluminum_D.uasset" 580
"../../../../../../projets/Mech_Combat/Content/StarterContent/Materials/M_Metal_Burnished_Steel.uasset" 581
"../../../../../../projets/Mech_Combat/Content/StarterContent/Materials/M_Metal_Brushed_Nickel.uasset" 582
"../../../Engine/Content/EngineSky/T_Sky_Stars.uasset" 583
"../../../Engine/Content/EngineSky/T_Sky_Clouds_M.uasset" 584
"../../../Engine/Content/EngineSky/T_Sky_Blue.uasset" 585
"../../../Engine/Content/EngineSky/M_Sky_Panning_Clouds2.uasset" 586
"../../../../../../projets/Mech_Combat/Content/StarterContent/Maps/Minimal_Default_BuiltData.uasset" 587
"../../../Engine/Content/EngineSky/SM_SkySphere.uasset" 588
"../../../Engine/Content/EngineSky/C_Sky_Zenith_Color.uasset" 589
"../../../Engine/Content/EngineSky/C_Sky_Horizon_Color.uasset" 590
"../../../Engine/Content/EngineSky/C_Sky_Cloud_Color.uasset" 591
"../../../Engine/Content/EngineSky/BP_Sky_Sphere.uasset" 592
"../../../../../../projets/Mech_Combat/Content/StarterContent/Maps/Minimal_Default.umap" 593
"../../../../../../projets/Mech_Combat/Content/StarterContent/Shapes/Shape_Sphere.uasset" 594
"../../../../../../projets/Mech_Combat/Content/StarterContent/Shapes/Shape_QuadPyramid.uasset" 595
"../../../../../../projets/Mech_Combat/Content/StarterContent/Shapes/Shape_Cube.uasset" 596
"../../../../../../projets/Mech_Combat/Content/StarterContent/Textures/T_Frame_N.uasset" 597
"../../../../../../projets/Mech_Combat/Content/StarterContent/Textures/T_Frame_M.uasset" 598
"../../../../../../projets/Mech_Combat/Content/StarterContent/Props/Materials/M_Frame.uasset" 599
"../../../../../../projets/Mech_Combat/Content/StarterContent/Props/SM_WindowFrame.uasset" 600
"../../../../../../projets/Mech_Combat/Content/StarterContent/Props/SM_PillarFrame300.uasset" 601
"../../../../../../projets/Mech_Combat/Content/StarterContent/Props/SM_PillarFrame.uasset" 602
"../../../../../../projets/Mech_Combat/Content/StarterContent/Props/SM_GlassWindow.uasset" 603
"../../../../../../projets/Mech_Combat/Content/StarterContent/Props/SM_DoorFrame.uasset" 604
"../../../../../../projets/Mech_Combat/Content/StarterContent/Props/SM_CornerFrame.uasset" 605
"../../../../../../projets/Mech_Combat/Content/StarterContent/Props/MaterialSphere.uasset" 606
"../../../../../../projets/Mech_Combat/Content/StarterContent/Textures/T_Dust_Particle_D.uasset" 607
"../../../../../../projets/Mech_Combat/Content/StarterContent/Particles/Materials/M_Dust_Particle.uasset" 608
"../../../../../../projets/Mech_Combat/Content/StarterContent/Particles/P_Ambient_Dust.uasset" 609
"../../../../../../projets/Mech_Combat/Content/StarterContent/Textures/T_Wood_Walnut_N.uasset" 610
"../../../../../../projets/Mech_Combat/Content/StarterContent/Textures/T_Wood_Walnut_D.uasset" 611
"../../../../../../projets/Mech_Combat/Content/StarterContent/Materials/M_Wood_Walnut.uasset" 612
"../../../../../../projets/Mech_Combat/Content/StarterContent/Textures/T_Perlin_Noise_M.uasset" 613
"../../../../../../projets/Mech_Combat/Content/StarterContent/Textures/T_Wood_Pine_N.uasset" 614
"../../../../../../projets/Mech_Combat/Content/StarterContent/Textures/T_Wood_Pine_D.uasset" 615
"../../../../../../projets/Mech_Combat/Content/StarterContent/Materials/M_Wood_Pine.uasset" 616
"../../../../../../projets/Mech_Combat/Content/StarterContent/Textures/T_Wood_Oak_N.uasset" 617
"../../../../../../projets/Mech_Combat/Content/StarterContent/Textures/T_Wood_Oak_D.uasset" 618
"../../../../../../projets/Mech_Combat/Content/StarterContent/Materials/M_Wood_Oak.uasset" 619
"../../../Engine/Content/Functions/Engine_MaterialFunctions01/Opacity/AlphaOffset.uasset" 620
"../../../../../../projets/Mech_Combat/Content/StarterContent/Textures/T_Wood_Floor_Walnut_N.uasset" 621
"../../../../../../projets/Mech_Combat/Content/StarterContent/Textures/T_Wood_Floor_Walnut_M.uasset" 622
"../../../../../../projets/Mech_Combat/Content/StarterContent/Textures/T_Wood_Floor_Walnut_D.uasset" 623
"../../../../../../projets/Mech_Combat/Content/StarterContent/Materials/M_Wood_Floor_Walnut_Worn.uasset" 624
"../../../../../../projets/Mech_Combat/Content/StarterContent/Materials/M_Wood_Floor_Walnut_Polished.uasset" 625
"../../../../../../projets/Mech_Combat/Content/StarterContent/Textures/T_Water_M.uasset" 626
"../../../../../../projets/Mech_Combat/Content/StarterContent/Textures/T_Water_N.uasset" 627
"../../../../../../projets/Mech_Combat/Content/StarterContent/Materials/M_Water_Ocean.uasset" 628
"../../../../../../projets/Mech_Combat/Content/StarterContent/Materials/M_Water_Lake.uasset" 629
"../../../../../../projets/Mech_Combat/Content/StarterContent/Textures/T_Metal_Steel_D.uasset" 630
"../../../../../../projets/Mech_Combat/Content/StarterContent/Textures/T_Tech_Panel_N.uasset" 631
"../../../../../../projets/Mech_Combat/Content/StarterContent/Textures/T_Tech_Panel_M.uasset" 632
"../../../../../../projets/Mech_Combat/Content/StarterContent/Materials/M_Tech_Panel.uasset" 633
"../../../../../../projets/Mech_Combat/Content/StarterContent/Textures/T_Tech_Hex_Tile_N.uasset" 634
"../../../../../../projets/Mech_Combat/Content/StarterContent/Textures/T_Tech_Hex_Tile_M.uasset" 635
"../../../../../../projets/Mech_Combat/Content/StarterContent/Materials/M_Tech_Hex_Tile_Pulse.uasset" 636
"../../../../../../projets/Mech_Combat/Content/StarterContent/Materials/M_Tech_Hex_Tile.uasset" 637
"../../../../../../projets/Mech_Combat/Content/StarterContent/Audio/Collapse_Cue.uasset" 638
"../../../../../../projets/Mech_Combat/Content/StarterContent/Architecture/Wall_Window_400x300.uasset" 639
"../../../../../../projets/Mech_Combat/Content/StarterContent/Architecture/Wall_Door_400x300.uasset" 640
"../../../../../../projets/Mech_Combat/Content/StarterContent/Architecture/Wall_400x200.uasset" 641
"../../../../../../projets/Mech_Combat/Content/StarterContent/Textures/T_Tech_Dot_N.uasset" 642
"../../../../../../projets/Mech_Combat/Content/StarterContent/Textures/T_Tech_Dot_M.uasset" 643
"../../../../../../projets/Mech_Combat/Content/StarterContent/Textures/T_Single_Tile_N.uasset" 644
"../../../../../../projets/Mech_Combat/Content/StarterContent/Textures/T_Checker_Noise_M.uasset" 645
"../../../../../../projets/Mech_Combat/Content/StarterContent/Materials/M_Tech_Checker_Dot.uasset" 646
"../../../../../../projets/Mech_Combat/Content/StarterContent/Textures/T_Rock_Slate_N.uasset" 647
"../../../../../../projets/Mech_Combat/Content/StarterContent/Textures/T_Rock_Slate_D.uasset" 648
"../../../../../../projets/Mech_Combat/Content/StarterContent/Materials/M_Rock_Slate.uasset" 649
"../../../../../../projets/Mech_Combat/Content/StarterContent/Textures/T_Rock_Sandstone_N.uasset" 650
"../../../../../../projets/Mech_Combat/Content/StarterContent/Textures/T_Rock_Sandstone_D.uasset" 651
"../../../../../../projets/Mech_Combat/Content/StarterContent/Materials/M_Rock_Sandstone.uasset" 652
"../../../../../../projets/Mech_Combat/Content/StarterContent/Textures/T_Rock_Marble_Polished_D.uasset" 653
"../../../../../../projets/Mech_Combat/Content/StarterContent/Materials/M_Rock_Marble_Polished.uasset" 654
"../../../../../../projets/Mech_Combat/Content/StarterContent/Textures/T_Rock_Basalt_N.uasset" 655
"../../../../../../projets/Mech_Combat/Content/StarterContent/Materials/M_Rock_Basalt.uasset" 656
"../../../../../../projets/Mech_Combat/Content/StarterContent/Textures/T_Metal_Steel_N.uasset" 657
"../../../../../../projets/Mech_Combat/Content/StarterContent/Materials/M_Metal_Steel.uasset" 658
"../../../../../../projets/Mech_Combat/Content/StarterContent/Textures/T_Metal_Rust_D.uasset" 659
"../../../../../../projets/Mech_Combat/Content/StarterContent/Textures/T_Metal_Rust_N.uasset" 660
"../../../../../../projets/Mech_Combat/Content/StarterContent/Materials/M_Metal_Rust.uasset" 661
"../../../../../../projets/Mech_Combat/Content/StarterContent/Textures/T_Metal_Gold_D.uasset" 662
"../../../../../../projets/Mech_Combat/Content/StarterContent/Materials/M_Metal_Gold.uasset" 663
"../../../../../../projets/Mech_Combat/Content/StarterContent/Materials/M_Metal_Chrome.uasset" 664
"../../../../../../projets/Mech_Combat/Content/StarterContent/Textures/T_Ground_Moss_N.uasset" 665
"../../../../../../projets/Mech_Combat/Content/StarterContent/Textures/T_ground_Moss_D.uasset" 666
"../../../../../../projets/Mech_Combat/Content/StarterContent/Materials/M_Ground_Moss.uasset" 667
"../../../../../../projets/Mech_Combat/Content/StarterContent/Textures/T_Ground_Gravel_N.uasset" 668
"../../../../../../projets/Mech_Combat/Content/StarterContent/Textures/T_Ground_Gravel_D.uasset" 669
"../../../../../../projets/Mech_Combat/Content/StarterContent/Materials/M_Ground_Gravel.uasset" 670
"../../../../../../projets/Mech_Combat/Content/StarterContent/Textures/T_Ground_Grass_N.uasset" 671
"../../../../../../projets/Mech_Combat/Content/StarterContent/Textures/T_Ground_Grass_D.uasset" 672
"../../../../../../projets/Mech_Combat/Content/StarterContent/Materials/M_Ground_Grass.uasset" 673
"../../../../../../projets/Mech_Combat/Content/StarterContent/Textures/T_Concrete_Tiles_Variation_M.uasset" 674
"../../../../../../projets/Mech_Combat/Content/StarterContent/Textures/T_Concrete_Tiles_N.uasset" 675
"../../../../../../projets/Mech_Combat/Content/StarterContent/Textures/T_Concrete_Tiles_M.uasset" 676
"../../../../../../projets/Mech_Combat/Content/StarterContent/Textures/T_Concrete_Tiles_D.uasset" 677
"../../../../../../projets/Mech_Combat/Content/StarterContent/Materials/M_Concrete_Tiles.uasset" 678
"../../../../../../projets/Mech_Combat/Content/StarterContent/Textures/T_Concrete_Panels_N.uasset" 679
"../../../../../../projets/Mech_Combat/Content/StarterContent/Textures/T_Concrete_Panels_D.uasset" 680
"../../../../../../projets/Mech_Combat/Content/StarterContent/Materials/M_Concrete_Panels.uasset" 681
"../../../../../../projets/Mech_Combat/Content/StarterContent/Textures/T_Concrete_Grime_D.uasset" 682
"../../../../../../projets/Mech_Combat/Content/StarterContent/Materials/M_Concrete_Grime.uasset" 683
"../../../../../../projets/Mech_Combat/Content/StarterContent/Textures/T_CobbleStone_Smooth_N.uasset" 684
"../../../../../../projets/Mech_Combat/Content/StarterContent/Textures/T_CobbleStone_Smooth_M.uasset" 685
"../../../../../../projets/Mech_Combat/Content/StarterContent/Textures/T_CobbleStone_Smooth_D.uasset" 686
"../../../../../../projets/Mech_Combat/Content/StarterContent/Textures/T_Rock_Smooth_Granite_D.uasset" 687
"../../../../../../projets/Mech_Combat/Content/StarterContent/Textures/T_Gradinet_01.uasset" 688
"../../../../../../projets/Mech_Combat/Content/StarterContent/Materials/M_CobbleStone_Smooth.uasset" 689
"../../../../../../projets/Mech_Combat/Content/StarterContent/Textures/T_CobbleStone_Rough_N.uasset" 690
"../../../../../../projets/Mech_Combat/Content/StarterContent/Textures/T_CobbleStone_Rough_D.uasset" 691
"../../../../../../projets/Mech_Combat/Content/StarterContent/Materials/M_CobbleStone_Rough.uasset" 692
"../../../../../../projets/Mech_Combat/Content/StarterContent/Textures/T_CobbleStone_Pebble_N.uasset" 693
"../../../../../../projets/Mech_Combat/Content/StarterContent/Textures/T_CobbleStone_Pebble_M.uasset" 694
"../../../../../../projets/Mech_Combat/Content/StarterContent/Textures/T_CobbleStone_Pebble_D.uasset" 695
"../../../../../../projets/Mech_Combat/Content/StarterContent/Materials/M_CobbleStone_Pebble.uasset" 696
"../../../../../../projets/Mech_Combat/Content/StarterContent/Textures/T_Ceramic_Tile_N.uasset" 697
"../../../../../../projets/Mech_Combat/Content/StarterContent/Textures/T_Ceramic_Tile_M.uasset" 698
"../../../../../../projets/Mech_Combat/Content/StarterContent/Materials/M_Ceramic_Tile_Checker.uasset" 699
"../../../../../../projets/Mech_Combat/Content/StarterContent/Textures/T_Brick_Hewn_Stone_N.uasset" 700
"../../../../../../projets/Mech_Combat/Content/StarterContent/Textures/T_Brick_Hewn_Stone_M.uasset" 701
"../../../../../../projets/Mech_Combat/Content/StarterContent/Textures/T_Brick_Hewn_Stone_D.uasset" 702
"../../../../../../projets/Mech_Combat/Content/StarterContent/Materials/M_Brick_Hewn_Stone.uasset" 703
"../../../../../../projets/Mech_Combat/Content/StarterContent/Textures/T_Brick_Cut_Stone_N.uasset" 704
"../../../../../../projets/Mech_Combat/Content/StarterContent/Textures/T_Brick_Cut_Stone_D.uasset" 705
"../../../../../../projets/Mech_Combat/Content/StarterContent/Materials/M_Brick_Cut_Stone.uasset" 706
"../../../../../../projets/Mech_Combat/Content/StarterContent/Textures/T_Brick_Clay_Old_N.uasset" 707
"../../../../../../projets/Mech_Combat/Content/StarterContent/Textures/T_Brick_Clay_Old_D.uasset" 708
"../../../../../../projets/Mech_Combat/Content/StarterContent/Materials/M_Brick_Clay_Old.uasset" 709
"../../../../../../projets/Mech_Combat/Content/StarterContent/Textures/T_Brick_Clay_New_N.uasset" 710
"../../../../../../projets/Mech_Combat/Content/StarterContent/Textures/T_Brick_Clay_New_M.uasset" 711
"../../../../../../projets/Mech_Combat/Content/StarterContent/Textures/T_Brick_Clay_New_D.uasset" 712
"../../../../../../projets/Mech_Combat/Content/StarterContent/Materials/M_Brick_Clay_New.uasset" 713
"../../../../../../projets/Mech_Combat/Content/StarterContent/Textures/T_Brick_Clay_Beveled_N.uasset" 714
"../../../../../../projets/Mech_Combat/Content/StarterContent/Textures/T_Brick_Clay_Beveled_M.uasset" 715
"../../../../../../projets/Mech_Combat/Content/StarterContent/Textures/T_Brick_Clay_Beveled_D.uasset" 716
"../../../../../../projets/Mech_Combat/Content/StarterContent/Materials/M_Brick_Clay_Beveled.uasset" 717
"../../../Engine/Content/Functions/Engine_MaterialFunctions03/Procedurals/ComputeFilterWidth.uasset" 718
"../../../Engine/Content/EngineMaterials/AntiAliasedTextMaterialTranslucent.uasset" 719
"../../../../../../projets/Mech_Combat/Content/StarterContent/Maps/StarterMap_BuiltData.uasset" 720
"../../../../../../projets/Mech_Combat/Content/StarterContent/Textures/T_Concrete_Poured_N.uasset" 721
"../../../../../../projets/Mech_Combat/Content/StarterContent/Textures/T_Concrete_Poured_D.uasset" 722
"../../../../../../projets/Mech_Combat/Content/StarterContent/Materials/M_Concrete_Poured.uasset" 723
"../../../../../../projets/Mech_Combat/Content/StarterContent/Textures/T_Lamp_N.uasset" 724
"../../../../../../projets/Mech_Combat/Content/StarterContent/Textures/T_Lamp_M.uasset" 725
"../../../../../../projets/Mech_Combat/Content/StarterContent/Props/Materials/M_Lamp.uasset" 726
"../../../../../../projets/Mech_Combat/Content/StarterContent/Props/SM_Lamp_Wall.uasset" 727
"../../../../../../projets/Mech_Combat/Content/StarterContent/Blueprints/Blueprint_WallSconce.uasset" 728
"../../../../../../projets/Mech_Combat/Content/StarterContent/Particles/P_Steam_Lit.uasset" 729
"../../../../../../projets/Mech_Combat/Content/StarterContent/Audio/Steam01_Cue.uasset" 730
"../../../../../../projets/Mech_Combat/Content/StarterContent/Blueprints/Blueprint_Effect_Steam.uasset" 731
"../../../../../../projets/Mech_Combat/Content/StarterContent/Audio/Fire_Sparks01_Cue.uasset" 732
"../../../../../../projets/Mech_Combat/Content/StarterContent/Textures/T_Spark_Core.uasset" 733
"../../../../../../projets/Mech_Combat/Content/StarterContent/Particles/Materials/M_Spark.uasset" 734
"../../../../../../projets/Mech_Combat/Content/StarterContent/Particles/Materials/M_Radial_Gradient.uasset" 735
"../../../../../../projets/Mech_Combat/Content/StarterContent/Particles/P_Sparks.uasset" 736
"../../../../../../projets/Mech_Combat/Content/StarterContent/Blueprints/Blueprint_Effect_Sparks.uasset" 737
"../../../../../../projets/Mech_Combat/Content/StarterContent/Audio/Smoke01_Cue.uasset" 738
"../../../../../../projets/Mech_Combat/Content/StarterContent/Particles/P_Smoke.uasset" 739
"../../../../../../projets/Mech_Combat/Content/StarterContent/Blueprints/Blueprint_Effect_Smoke.uasset" 740
"../../../../../../projets/Mech_Combat/Content/StarterContent/Audio/Fire01_Cue.uasset" 741
"../../../../../../projets/Mech_Combat/Content/StarterContent/Particles/Materials/M_Heat_Distortion.uasset" 742
"../../../../../../projets/Mech_Combat/Content/StarterContent/Textures/T_Fire_Tiled_D.uasset" 743
"../../../../../../projets/Mech_Combat/Content/StarterContent/Textures/T_Fire_SubUV.uasset" 744
"../../../../../../projets/Mech_Combat/Content/StarterContent/Particles/Materials/M_Fire_SubUV.uasset" 745
"../../../../../../projets/Mech_Combat/Content/StarterContent/Particles/P_Fire.uasset" 746
"../../../../../../projets/Mech_Combat/Content/StarterContent/Blueprints/Blueprint_Effect_Fire.uasset" 747
"../../../../../../projets/Mech_Combat/Content/StarterContent/Props/SM_Lamp_Ceiling.uasset" 748
"../../../../../../projets/Mech_Combat/Content/StarterContent/Blueprints/Blueprint_CeilingLight.uasset" 749
"../../../../../../projets/Mech_Combat/Content/StarterContent/Audio/Starter_Music_Cue.uasset" 750
"../../../../../../projets/Mech_Combat/Content/StarterContent/Maps/StarterMap.umap" 751
"../../../../../../projets/Mech_Combat/Content/MechCombat/Grass_LayerInfo.uasset" 752
"../../../../../../projets/Mech_Combat/Content/MechCombat/Rock_LayerInfo.uasset" 753
"../../../../../../projets/Mech_Combat/Content/MechCombat/Blueprints/Spawner_BP.uasset" 754
"../../../../../../projets/Mech_Combat/Content/MechCombat/Meshes/Ai_Spider_Bomb/Spider_Bomb_Skeleton1.uasset" 755
"../../../../../../projets/Mech_Combat/Content/MechCombat/Meshes/Ai_Spider_Bomb/Spider_Bomb_Anim_Bomb_On.uasset" 756
"../../../../../../projets/Mech_Combat/Content/MechCombat/Meshes/Ai_Spider_Bomb/Spider_Bomb_Anim_Bomb_Off.uasset" 757
"../../../../../../projets/Mech_Combat/Content/MechCombat/Meshes/Ai_Spider_Bomb/Bomb_Anim_BP.uasset" 758
"../../../../../../projets/Mech_Combat/Content/MechCombat/Meshes/Ai_Spider_Bomb/Spider_Core_Anim_Walk.uasset" 759
"../../../../../../projets/Mech_Combat/Content/MechCombat/Meshes/Ai_Spider_Bomb/Spider_Core_Anim_Idle.uasset" 760
"../../../../../../projets/Mech_Combat/Content/MechCombat/Meshes/Ai_Spider_Bomb/Walk_BS.uasset" 761
"../../../../../../projets/Mech_Combat/Content/MechCombat/Meshes/Ai_Spider_Bomb/Spider_Core_Anim_BP.uasset" 762
"../../../../../../projets/Mech_Combat/Content/MechCombat/Meshes/Main_Character/Robo_Emmisive.uasset" 763
"../../../../../../projets/Mech_Combat/Content/MechCombat/Meshes/Main_Character/Robo_Diffuse.uasset" 764
"../../../../../../projets/Mech_Combat/Content/MechCombat/Meshes/Main_Character/Robo.uasset" 765
"../../../../../../projets/Mech_Combat/Content/MechCombat/Meshes/Ai_Spider_Bomb/Spider_Bomb.uasset" 766
"../../../../../../projets/Mech_Combat/Content/MechCombat/Meshes/Ai_Spider_Bomb/Spider_Core_PhysicsAsset.uasset" 767
"../../../../../../projets/Mech_Combat/Content/MechCombat/Meshes/Ai_Spider_Bomb/Spider_Core.uasset" 768
"../../../../../../projets/Mech_Combat/Content/MechCombat/Blueprints/SpiderBomb_BP.uasset" 769
"../../../../../../projets/Mech_Combat/Content/MechCombat/Materials/ProjectileMaterial.uasset" 770
"../../../../../../projets/Mech_Combat/Content/StarterContent/Shapes/Shape_Cone.uasset" 771
"../../../../../../projets/Mech_Combat/Content/MechCombat/Blueprints/PRojectile_BP.uasset" 772
"../../../../../../projets/Mech_Combat/Content/MechCombat/Meshes/AI_Spider_Turret/Spider_Turret_Anim_Turret_Shoot.uasset" 773
"../../../../../../projets/Mech_Combat/Content/MechCombat/Meshes/AI_Spider_Turret/Spider_Turret_Anim_Turret_OpenIdle1.uasset" 774
"../../../../../../projets/Mech_Combat/Content/MechCombat/Meshes/AI_Spider_Turret/Turret_Anim_BP.uasset" 775
"../../../../../../projets/Mech_Combat/Content/MechCombat/Meshes/AI_Spider_Turret/Spider_Turret_PhysicsAsset.uasset" 776
"../../../../../../projets/Mech_Combat/Content/MechCombat/Meshes/AI_Spider_Turret/Spider_Turret.uasset" 777
"../../../../../../projets/Mech_Combat/Content/MechCombat/Blueprints/SpiderTurret_BP.uasset" 778
"../../../../../../projets/Mech_Combat/Content/MechCombat/Meshes/Forest_Environment/Workbench.uasset" 779
"../../../../../../projets/Mech_Combat/Content/MechCombat/Blueprints/Workbench_BP.uasset" 780
"../../../Engine/Content/EngineMaterials/WeightMapPlaceholderTexture.uasset" 781
"../../../../../../projets/Mech_Combat/Content/MechCombat/Materials/TerrainMaterial.uasset" 782
"../../../Engine/Content/EngineMaterials/DefaultPhysicalMaterial.uasset" 783
"../../../../../../projets/Mech_Combat/Content/ThirdPersonCPP/Maps/Level1_BuiltData.uasset" 784
"../../../../../../projets/Mech_Combat/Content/MechCombat/Sequences/DoorSequence.uasset" 785
"../../../../../../projets/Mech_Combat/Content/MechCombat/Meshes/Forest_Environment/YardWalls.uasset" 786
"../../../../../../projets/Mech_Combat/Content/MechCombat/Meshes/Forest_Environment/WorldGridMaterial.uasset" 787
"../../../../../../projets/Mech_Combat/Content/MechCombat/Meshes/Forest_Environment/YardGate.uasset" 788
"../../../../../../projets/Mech_Combat/Content/MechCombat/Meshes/Forest_Environment/Tree_Pine1.uasset" 789
"../../../../../../projets/Mech_Combat/Content/MechCombat/Meshes/Forest_Environment/Tree10_3.uasset" 790
"../../../../../../projets/Mech_Combat/Content/MechCombat/Meshes/Forest_Environment/Rock9_3.uasset" 791
"../../../../../../projets/Mech_Combat/Content/MechCombat/Meshes/Forest_Environment/Rock8_3.uasset" 792
"../../../../../../projets/Mech_Combat/Content/MechCombat/Meshes/Forest_Environment/Rock4.uasset" 793
"../../../../../../projets/Mech_Combat/Content/MechCombat/Meshes/Decorations/Spool_Of_Wire2.uasset" 794
"../../../../../../projets/Mech_Combat/Content/MechCombat/Meshes/Decorations/Spool_Of_Wire1.uasset" 795
"../../../../../../projets/Mech_Combat/Content/MechCombat/Meshes/Decorations/Spool_Of_Wire.uasset" 796
"../../../../../../projets/Mech_Combat/Content/MechCombat/Meshes/Decorations/Can_Of_Gunpowder1.uasset" 797
"../../../../../../projets/Mech_Combat/Content/MechCombat/Meshes/Decorations/Can_Of_Gunpowder.uasset" 798
"../../../../../../projets/Mech_Combat/Content/MechCombat/Meshes/Decorations/PowderCan.uasset" 799
"../../../../../../projets/Mech_Combat/Content/MechCombat/Meshes/Decorations/Gun_Powder_Keg1.uasset" 800
"../../../../../../projets/Mech_Combat/Content/MechCombat/Meshes/Decorations/Gun_Powder_Keg.uasset" 801
"../../../../../../projets/Mech_Combat/Content/MechCombat/Meshes/Decorations/Keg.uasset" 802
"../../../../../../projets/Mech_Combat/Content/MechCombat/Meshes/Decorations/Jug_Of_Glue2.uasset" 803
"../../../../../../projets/Mech_Combat/Content/MechCombat/Meshes/Decorations/Jug_Of_Glue1.uasset" 804
"../../../../../../projets/Mech_Combat/Content/MechCombat/Meshes/Decorations/Jug_Of_Glue.uasset" 805
"../../../../../../projets/Mech_Combat/Content/MechCombat/Meshes/Decorations/Diesel_Engine2.uasset" 806
"../../../../../../projets/Mech_Combat/Content/MechCombat/Meshes/Decorations/Diesel_Engine1.uasset" 807
"../../../../../../projets/Mech_Combat/Content/MechCombat/Meshes/Decorations/Diesel_Engine.uasset" 808
"../../../../../../projets/Mech_Combat/Content/MechCombat/Meshes/Decorations/Crate_Of_Grenades1.uasset" 809
"../../../../../../projets/Mech_Combat/Content/MechCombat/Meshes/Decorations/Crate_Of_Grenades.uasset" 810
"../../../../../../projets/Mech_Combat/Content/MechCombat/Meshes/Decorations/Crate_Empty.uasset" 811
"../../../../../../projets/Mech_Combat/Content/ThirdPersonCPP/Maps/Level1.umap" 812
"../../../../../../projets/Mech_Combat/Content/ThirdPersonCPP/Maps/MainMenuLevel_BuiltData.uasset" 813
"../../../../../../projets/Mech_Combat/Content/ThirdPersonCPP/Maps/MainMenuLevel_sharedassets/Grass_LayerInfo.uasset" 814
"../../../../../../projets/Mech_Combat/Content/MechCombat/Meshes/Main_Character/Robo_Character_Mesh_PhysicsAsset.uasset" 815
"../../../../../../projets/Mech_Combat/Content/MechCombat/Meshes/Main_Character/Robo_Character_Mesh.uasset" 816
"../../../../../../projets/Mech_Combat/Content/MechCombat/Meshes/Main_Character/HammerMech_Anim_Idle.uasset" 817
"../../../../../../projets/Mech_Combat/Content/MechCombat/Meshes/Forest_Environment/Tree10.uasset" 818
"../../../../../../projets/Mech_Combat/Content/MechCombat/Meshes/Forest_Environment/Tree1.uasset" 819
"../../../../../../projets/Mech_Combat/Content/MechCombat/Meshes/Forest_Environment/Stick3.uasset" 820
"../../../../../../projets/Mech_Combat/Content/MechCombat/Meshes/Forest_Environment/Stick2.uasset" 821
"../../../../../../projets/Mech_Combat/Content/MechCombat/Meshes/Forest_Environment/Stick1.uasset" 822
"../../../../../../projets/Mech_Combat/Content/MechCombat/Meshes/Forest_Environment/Cloud5_4.uasset" 823
"../../../../../../projets/Mech_Combat/Content/MechCombat/Meshes/Forest_Environment/Cloud4_4.uasset" 824
"../../../../../../projets/Mech_Combat/Content/MechCombat/Meshes/Forest_Environment/Cloud3_4.uasset" 825
"../../../../../../projets/Mech_Combat/Content/MechCombat/Meshes/Forest_Environment/Cloud1_3.uasset" 826
"../../../../../../projets/Mech_Combat/Content/ThirdPersonCPP/Maps/MainMenuLevel.umap" 827
"../../../Engine/Content/Maps/Entry_BuiltData.uasset" 828
"../../../Engine/Content/Maps/Entry.umap" 829
